<?xml version="1.0" encoding="UTF-8"?>
<!-- Generated by org.testng.reporters.JUnitReportReporter -->
<testsuite skipped="0" hostname="DESKTOP-KTD4I8R" name="com.rest.jira.CommentsJira" tests="1" failures="0" timestamp="30 Jun 2020 03:55:30 GMT" time="5.402" errors="0">
  <testcase name="logInToJira" time="5.402" classname="com.rest.jira.CommentsJira"/>
</testsuite> <!-- com.rest.jira.CommentsJira -->
