<?xml version="1.0" encoding="UTF-8"?>
<!-- Generated by org.testng.reporters.JUnitReportReporter -->
<testsuite skipped="0" hostname="DESKTOP-KTD4I8R" name="SumValidation" tests="1" failures="0" timestamp="27 Jun 2020 07:42:27 GMT" time="2.016" errors="0">
  <testcase name="sumOfCourses" time="2.016" classname="SumValidation"/>
</testsuite> <!-- SumValidation -->
