<?xml version="1.0" encoding="UTF-8"?>
<!-- Generated by org.testng.reporters.JUnitReportReporter -->
<testsuite skipped="0" hostname="DESKTOP-KTD4I8R" name="com.rest.jira.GetIssueDetails" tests="1" failures="0" timestamp="30 Jun 2020 06:15:18 GMT" time="3.876" errors="0">
  <testcase name="issueDetails" time="3.876" classname="com.rest.jira.GetIssueDetails"/>
</testsuite> <!-- com.rest.jira.GetIssueDetails -->
